<?xml version="1.0" encoding="UTF-8"?>
<testng-results skipped="0" failed="0" ignored="0" total="1" passed="1">
  <reporter-output>
  </reporter-output>
  <suite name="Default suite" duration-ms="1787" started-at="2021-06-26T18:17:15Z" finished-at="2021-06-26T18:17:17Z">
    <groups>
    </groups>
    <test name="Default test" duration-ms="1787" started-at="2021-06-26T18:17:15Z" finished-at="2021-06-26T18:17:17Z">
      <class name="testCase.Del_DeleteAProduct2">
        <test-method status="PASS" signature="createAProduct()[pri:0, instance:testCase.Del_DeleteAProduct2@2f112965]" name="createAProduct" duration-ms="1768" started-at="2021-06-26T18:17:15Z" finished-at="2021-06-26T18:17:17Z">
          <reporter-output>
          </reporter-output>
        </test-method> <!-- createAProduct -->
      </class> <!-- testCase.Del_DeleteAProduct2 -->
    </test> <!-- Default test -->
  </suite> <!-- Default suite -->
</testng-results>
